<?xml version="1.0" encoding="UTF-8" ?>
<testsuite errors="0" failures="0" hostname="John_Sun" name="test.MyutilTest.SimpleCalculationTest" tests="3" time="0.067" timestamp="2018-06-14T11:40:54">
  <properties>
[...]
</properties>
  <testcase classname="test.MyutilTest.SimpleCalculationTest" name="AddTest[0]" time="0.002" />
  <testcase classname="test.MyutilTest.SimpleCalculationTest" name="AddTest[1]" time="0.0" />
  <testcase classname="test.MyutilTest.SimpleCalculationTest" name="AddTest[2]" time="0.0" />
  <system-out><![CDATA[]]></system-out>
  <system-err><![CDATA[]]></system-err>
</testsuite>
